{"/home/hoang/WebstormProjects/sailsLoginDemo/Gruntfile.js":{"path":"/home/hoang/WebstormProjects/sailsLoginDemo/Gruntfile.js","s":{"1":1,"2":1,"3":1,"4":1,"5":0,"6":0,"7":0,"8":0,"9":0,"10":0,"11":0,"12":0,"13":0,"14":1,"15":2,"16":1,"17":2,"18":20,"19":20,"20":1,"21":1,"22":0,"23":0,"24":1,"25":1},"b":{"1":[2,0],"2":[20,0],"3":[0,1]},"f":{"1":1,"2":2,"3":2,"4":0},"fnMap":{"1":{"name":"(anonymous_1)","line":15,"loc":{"start":{"line":15,"column":17},"end":{"line":15,"column":33}}},"2":{"name":"loadTasks","line":45,"loc":{"start":{"line":45,"column":2},"end":{"line":45,"column":30}}},"3":{"name":"invokeConfigFn","line":57,"loc":{"start":{"line":57,"column":2},"end":{"line":57,"column":33}}},"4":{"name":"(anonymous_4)","line":73,"loc":{"start":{"line":73,"column":34},"end":{"line":73,"column":50}}}},"statementMap":{"1":{"start":{"line":15,"column":0},"end":{"line":82,"column":2}},"2":{"start":{"line":20,"column":2},"end":{"line":20,"column":17}},"3":{"start":{"line":21,"column":2},"end":{"line":36,"column":3}},"4":{"start":{"line":22,"column":4},"end":{"line":22,"column":40}},"5":{"start":{"line":24,"column":4},"end":{"line":35,"column":5}},"6":{"start":{"line":25,"column":6},"end":{"line":25,"column":61}},"7":{"start":{"line":27,"column":6},"end":{"line":27,"column":60}},"8":{"start":{"line":28,"column":6},"end":{"line":28,"column":47}},"9":{"start":{"line":29,"column":6},"end":{"line":29,"column":48}},"10":{"start":{"line":30,"column":6},"end":{"line":30,"column":55}},"11":{"start":{"line":31,"column":6},"end":{"line":31,"column":22}},"12":{"start":{"line":33,"column":6},"end":{"line":33,"column":40}},"13":{"start":{"line":34,"column":6},"end":{"line":34,"column":13}},"14":{"start":{"line":45,"column":2},"end":{"line":51,"column":3}},"15":{"start":{"line":46,"column":4},"end":{"line":50,"column":13}},"16":{"start":{"line":57,"column":2},"end":{"line":63,"column":3}},"17":{"start":{"line":58,"column":4},"end":{"line":62,"column":5}},"18":{"start":{"line":59,"column":6},"end":{"line":61,"column":7}},"19":{"start":{"line":60,"column":8},"end":{"line":60,"column":31}},"20":{"start":{"line":68,"column":2},"end":{"line":69,"column":56}},"21":{"start":{"line":72,"column":2},"end":{"line":76,"column":3}},"22":{"start":{"line":73,"column":4},"end":{"line":75,"column":6}},"23":{"start":{"line":74,"column":6},"end":{"line":74,"column":40}},"24":{"start":{"line":79,"column":2},"end":{"line":79,"column":37}},"25":{"start":{"line":80,"column":2},"end":{"line":80,"column":38}}},"branchMap":{"1":{"line":46,"type":"binary-expr","locations":[{"start":{"line":46,"column":11},"end":{"line":50,"column":6}},{"start":{"line":50,"column":10},"end":{"line":50,"column":12}}]},"2":{"line":59,"type":"if","locations":[{"start":{"line":59,"column":6},"end":{"line":59,"column":6}},{"start":{"line":59,"column":6},"end":{"line":59,"column":6}}]},"3":{"line":72,"type":"if","locations":[{"start":{"line":72,"column":2},"end":{"line":72,"column":2}},{"start":{"line":72,"column":2},"end":{"line":72,"column":2}}]}}},"/home/hoang/WebstormProjects/sailsLoginDemo/tasks/config/clean.js":{"path":"/home/hoang/WebstormProjects/sailsLoginDemo/tasks/config/clean.js","s":{"1":1,"2":1,"3":1},"b":{},"f":{"1":1},"fnMap":{"1":{"name":"(anonymous_1)","line":13,"loc":{"start":{"line":13,"column":17},"end":{"line":13,"column":33}}}},"statementMap":{"1":{"start":{"line":13,"column":0},"end":{"line":21,"column":2}},"2":{"start":{"line":15,"column":2},"end":{"line":18,"column":5}},"3":{"start":{"line":20,"column":2},"end":{"line":20,"column":44}}},"branchMap":{}},"/home/hoang/WebstormProjects/sailsLoginDemo/tasks/config/coffee.js":{"path":"/home/hoang/WebstormProjects/sailsLoginDemo/tasks/config/coffee.js","s":{"1":1,"2":1,"3":1},"b":{},"f":{"1":1},"fnMap":{"1":{"name":"(anonymous_1)","line":13,"loc":{"start":{"line":13,"column":17},"end":{"line":13,"column":33}}}},"statementMap":{"1":{"start":{"line":13,"column":0},"end":{"line":33,"column":2}},"2":{"start":{"line":15,"column":2},"end":{"line":30,"column":5}},"3":{"start":{"line":32,"column":2},"end":{"line":32,"column":45}}},"branchMap":{}},"/home/hoang/WebstormProjects/sailsLoginDemo/tasks/config/concat.js":{"path":"/home/hoang/WebstormProjects/sailsLoginDemo/tasks/config/concat.js","s":{"1":1,"2":1,"3":1},"b":{},"f":{"1":1},"fnMap":{"1":{"name":"(anonymous_1)","line":17,"loc":{"start":{"line":17,"column":17},"end":{"line":17,"column":33}}}},"statementMap":{"1":{"start":{"line":17,"column":0},"end":{"line":31,"column":2}},"2":{"start":{"line":19,"column":2},"end":{"line":28,"column":5}},"3":{"start":{"line":30,"column":2},"end":{"line":30,"column":45}}},"branchMap":{}},"/home/hoang/WebstormProjects/sailsLoginDemo/tasks/config/copy.js":{"path":"/home/hoang/WebstormProjects/sailsLoginDemo/tasks/config/copy.js","s":{"1":1,"2":1,"3":1},"b":{},"f":{"1":1},"fnMap":{"1":{"name":"(anonymous_1)","line":22,"loc":{"start":{"line":22,"column":17},"end":{"line":22,"column":33}}}},"statementMap":{"1":{"start":{"line":22,"column":0},"end":{"line":44,"column":2}},"2":{"start":{"line":24,"column":2},"end":{"line":41,"column":5}},"3":{"start":{"line":43,"column":2},"end":{"line":43,"column":43}}},"branchMap":{}},"/home/hoang/WebstormProjects/sailsLoginDemo/tasks/config/cssmin.js":{"path":"/home/hoang/WebstormProjects/sailsLoginDemo/tasks/config/cssmin.js","s":{"1":1,"2":1,"3":1},"b":{},"f":{"1":1},"fnMap":{"1":{"name":"(anonymous_1)","line":17,"loc":{"start":{"line":17,"column":17},"end":{"line":17,"column":33}}}},"statementMap":{"1":{"start":{"line":17,"column":0},"end":{"line":27,"column":2}},"2":{"start":{"line":19,"column":2},"end":{"line":24,"column":5}},"3":{"start":{"line":26,"column":2},"end":{"line":26,"column":45}}},"branchMap":{}},"/home/hoang/WebstormProjects/sailsLoginDemo/tasks/config/jst.js":{"path":"/home/hoang/WebstormProjects/sailsLoginDemo/tasks/config/jst.js","s":{"1":1,"2":1,"3":1},"b":{},"f":{"1":1},"fnMap":{"1":{"name":"(anonymous_1)","line":22,"loc":{"start":{"line":22,"column":17},"end":{"line":22,"column":33}}}},"statementMap":{"1":{"start":{"line":22,"column":0},"end":{"line":48,"column":2}},"2":{"start":{"line":24,"column":2},"end":{"line":45,"column":5}},"3":{"start":{"line":47,"column":2},"end":{"line":47,"column":42}}},"branchMap":{}},"/home/hoang/WebstormProjects/sailsLoginDemo/tasks/config/less.js":{"path":"/home/hoang/WebstormProjects/sailsLoginDemo/tasks/config/less.js","s":{"1":1,"2":1,"3":1},"b":{},"f":{"1":1},"fnMap":{"1":{"name":"(anonymous_1)","line":16,"loc":{"start":{"line":16,"column":17},"end":{"line":16,"column":33}}}},"statementMap":{"1":{"start":{"line":16,"column":0},"end":{"line":31,"column":2}},"2":{"start":{"line":18,"column":2},"end":{"line":28,"column":5}},"3":{"start":{"line":30,"column":2},"end":{"line":30,"column":43}}},"branchMap":{}},"/home/hoang/WebstormProjects/sailsLoginDemo/tasks/config/sails-linker.js":{"path":"/home/hoang/WebstormProjects/sailsLoginDemo/tasks/config/sails-linker.js","s":{"1":1,"2":1,"3":1},"b":{},"f":{"1":1},"fnMap":{"1":{"name":"(anonymous_1)","line":30,"loc":{"start":{"line":30,"column":17},"end":{"line":30,"column":33}}}},"statementMap":{"1":{"start":{"line":30,"column":0},"end":{"line":283,"column":2}},"2":{"start":{"line":32,"column":2},"end":{"line":280,"column":5}},"3":{"start":{"line":282,"column":2},"end":{"line":282,"column":43}}},"branchMap":{}},"/home/hoang/WebstormProjects/sailsLoginDemo/tasks/config/sync.js":{"path":"/home/hoang/WebstormProjects/sailsLoginDemo/tasks/config/sync.js","s":{"1":1,"2":1,"3":1},"b":{},"f":{"1":1},"fnMap":{"1":{"name":"(anonymous_1)","line":18,"loc":{"start":{"line":18,"column":17},"end":{"line":18,"column":33}}}},"statementMap":{"1":{"start":{"line":18,"column":0},"end":{"line":31,"column":2}},"2":{"start":{"line":20,"column":2},"end":{"line":28,"column":5}},"3":{"start":{"line":30,"column":2},"end":{"line":30,"column":35}}},"branchMap":{}},"/home/hoang/WebstormProjects/sailsLoginDemo/tasks/config/uglify.js":{"path":"/home/hoang/WebstormProjects/sailsLoginDemo/tasks/config/uglify.js","s":{"1":1,"2":1,"3":1},"b":{},"f":{"1":1},"fnMap":{"1":{"name":"(anonymous_1)","line":12,"loc":{"start":{"line":12,"column":17},"end":{"line":12,"column":33}}}},"statementMap":{"1":{"start":{"line":12,"column":0},"end":{"line":22,"column":2}},"2":{"start":{"line":14,"column":2},"end":{"line":19,"column":5}},"3":{"start":{"line":21,"column":2},"end":{"line":21,"column":45}}},"branchMap":{}},"/home/hoang/WebstormProjects/sailsLoginDemo/tasks/config/watch.js":{"path":"/home/hoang/WebstormProjects/sailsLoginDemo/tasks/config/watch.js","s":{"1":1,"2":1,"3":1},"b":{},"f":{"1":1},"fnMap":{"1":{"name":"(anonymous_1)","line":17,"loc":{"start":{"line":17,"column":17},"end":{"line":17,"column":33}}}},"statementMap":{"1":{"start":{"line":17,"column":0},"end":{"line":31,"column":2}},"2":{"start":{"line":19,"column":2},"end":{"line":28,"column":5}},"3":{"start":{"line":30,"column":2},"end":{"line":30,"column":44}}},"branchMap":{}},"/home/hoang/WebstormProjects/sailsLoginDemo/tasks/register/build.js":{"path":"/home/hoang/WebstormProjects/sailsLoginDemo/tasks/register/build.js","s":{"1":1,"2":1},"b":{},"f":{"1":1},"fnMap":{"1":{"name":"(anonymous_1)","line":20,"loc":{"start":{"line":20,"column":17},"end":{"line":20,"column":33}}}},"statementMap":{"1":{"start":{"line":20,"column":0},"end":{"line":27,"column":2}},"2":{"start":{"line":21,"column":2},"end":{"line":26,"column":5}}},"branchMap":{}},"/home/hoang/WebstormProjects/sailsLoginDemo/tasks/register/buildProd.js":{"path":"/home/hoang/WebstormProjects/sailsLoginDemo/tasks/register/buildProd.js","s":{"1":1,"2":1},"b":{},"f":{"1":1},"fnMap":{"1":{"name":"(anonymous_1)","line":18,"loc":{"start":{"line":18,"column":17},"end":{"line":18,"column":33}}}},"statementMap":{"1":{"start":{"line":18,"column":0},"end":{"line":28,"column":2}},"2":{"start":{"line":19,"column":2},"end":{"line":27,"column":5}}},"branchMap":{}},"/home/hoang/WebstormProjects/sailsLoginDemo/tasks/register/compileAssets.js":{"path":"/home/hoang/WebstormProjects/sailsLoginDemo/tasks/register/compileAssets.js","s":{"1":1,"2":1},"b":{},"f":{"1":1},"fnMap":{"1":{"name":"(anonymous_1)","line":14,"loc":{"start":{"line":14,"column":17},"end":{"line":14,"column":33}}}},"statementMap":{"1":{"start":{"line":14,"column":0},"end":{"line":22,"column":2}},"2":{"start":{"line":15,"column":2},"end":{"line":21,"column":5}}},"branchMap":{}},"/home/hoang/WebstormProjects/sailsLoginDemo/tasks/register/default.js":{"path":"/home/hoang/WebstormProjects/sailsLoginDemo/tasks/register/default.js","s":{"1":1,"2":1},"b":{},"f":{"1":1},"fnMap":{"1":{"name":"(anonymous_1)","line":24,"loc":{"start":{"line":24,"column":17},"end":{"line":24,"column":34}}}},"statementMap":{"1":{"start":{"line":24,"column":0},"end":{"line":26,"column":2}},"2":{"start":{"line":25,"column":2},"end":{"line":25,"column":75}}},"branchMap":{}},"/home/hoang/WebstormProjects/sailsLoginDemo/tasks/register/linkAssets.js":{"path":"/home/hoang/WebstormProjects/sailsLoginDemo/tasks/register/linkAssets.js","s":{"1":1,"2":1},"b":{},"f":{"1":1},"fnMap":{"1":{"name":"(anonymous_1)","line":14,"loc":{"start":{"line":14,"column":17},"end":{"line":14,"column":33}}}},"statementMap":{"1":{"start":{"line":14,"column":0},"end":{"line":23,"column":2}},"2":{"start":{"line":15,"column":2},"end":{"line":22,"column":5}}},"branchMap":{}},"/home/hoang/WebstormProjects/sailsLoginDemo/tasks/register/linkAssetsBuild.js":{"path":"/home/hoang/WebstormProjects/sailsLoginDemo/tasks/register/linkAssetsBuild.js","s":{"1":1,"2":1},"b":{},"f":{"1":1},"fnMap":{"1":{"name":"(anonymous_1)","line":13,"loc":{"start":{"line":13,"column":17},"end":{"line":13,"column":33}}}},"statementMap":{"1":{"start":{"line":13,"column":0},"end":{"line":22,"column":2}},"2":{"start":{"line":14,"column":2},"end":{"line":21,"column":5}}},"branchMap":{}},"/home/hoang/WebstormProjects/sailsLoginDemo/tasks/register/linkAssetsBuildProd.js":{"path":"/home/hoang/WebstormProjects/sailsLoginDemo/tasks/register/linkAssetsBuildProd.js","s":{"1":1,"2":1},"b":{},"f":{"1":1},"fnMap":{"1":{"name":"(anonymous_1)","line":13,"loc":{"start":{"line":13,"column":17},"end":{"line":13,"column":33}}}},"statementMap":{"1":{"start":{"line":13,"column":0},"end":{"line":22,"column":2}},"2":{"start":{"line":14,"column":2},"end":{"line":21,"column":5}}},"branchMap":{}},"/home/hoang/WebstormProjects/sailsLoginDemo/tasks/register/prod.js":{"path":"/home/hoang/WebstormProjects/sailsLoginDemo/tasks/register/prod.js","s":{"1":1,"2":1},"b":{},"f":{"1":1},"fnMap":{"1":{"name":"(anonymous_1)","line":14,"loc":{"start":{"line":14,"column":17},"end":{"line":14,"column":33}}}},"statementMap":{"1":{"start":{"line":14,"column":0},"end":{"line":27,"column":2}},"2":{"start":{"line":15,"column":2},"end":{"line":26,"column":5}}},"branchMap":{}},"/home/hoang/WebstormProjects/sailsLoginDemo/tasks/register/syncAssets.js":{"path":"/home/hoang/WebstormProjects/sailsLoginDemo/tasks/register/syncAssets.js","s":{"1":1,"2":1},"b":{},"f":{"1":1},"fnMap":{"1":{"name":"(anonymous_1)","line":13,"loc":{"start":{"line":13,"column":17},"end":{"line":13,"column":33}}}},"statementMap":{"1":{"start":{"line":13,"column":0},"end":{"line":20,"column":2}},"2":{"start":{"line":14,"column":2},"end":{"line":19,"column":5}}},"branchMap":{}},"/home/hoang/WebstormProjects/sailsLoginDemo/tasks/pipeline.js":{"path":"/home/hoang/WebstormProjects/sailsLoginDemo/tasks/pipeline.js","s":{"1":1,"2":1,"3":1,"4":1,"5":1,"6":1,"7":0,"8":1,"9":1,"10":4,"11":0,"12":4,"13":1,"14":1,"15":0,"16":1},"b":{"1":[0,1],"2":[0,4],"3":[0,1]},"f":{"1":1,"2":4,"3":1},"fnMap":{"1":{"name":"(anonymous_1)","line":66,"loc":{"start":{"line":66,"column":55},"end":{"line":66,"column":73}}},"2":{"name":"(anonymous_2)","line":73,"loc":{"start":{"line":73,"column":53},"end":{"line":73,"column":70}}},"3":{"name":"(anonymous_3)","line":80,"loc":{"start":{"line":80,"column":65},"end":{"line":80,"column":83}}}},"statementMap":{"1":{"start":{"line":19,"column":0},"end":{"line":21,"column":2}},"2":{"start":{"line":26,"column":0},"end":{"line":38,"column":2}},"3":{"start":{"line":50,"column":0},"end":{"line":52,"column":2}},"4":{"start":{"line":61,"column":0},"end":{"line":61,"column":29}},"5":{"start":{"line":66,"column":0},"end":{"line":72,"column":3}},"6":{"start":{"line":68,"column":2},"end":{"line":70,"column":3}},"7":{"start":{"line":69,"column":4},"end":{"line":69,"column":68}},"8":{"start":{"line":71,"column":2},"end":{"line":71,"column":55}},"9":{"start":{"line":73,"column":0},"end":{"line":79,"column":3}},"10":{"start":{"line":75,"column":2},"end":{"line":77,"column":3}},"11":{"start":{"line":76,"column":4},"end":{"line":76,"column":67}},"12":{"start":{"line":78,"column":2},"end":{"line":78,"column":54}},"13":{"start":{"line":80,"column":0},"end":{"line":86,"column":3}},"14":{"start":{"line":82,"column":2},"end":{"line":84,"column":3}},"15":{"start":{"line":83,"column":4},"end":{"line":83,"column":63}},"16":{"start":{"line":85,"column":2},"end":{"line":85,"column":49}}},"branchMap":{"1":{"line":68,"type":"if","locations":[{"start":{"line":68,"column":2},"end":{"line":68,"column":2}},{"start":{"line":68,"column":2},"end":{"line":68,"column":2}}]},"2":{"line":75,"type":"if","locations":[{"start":{"line":75,"column":2},"end":{"line":75,"column":2}},{"start":{"line":75,"column":2},"end":{"line":75,"column":2}}]},"3":{"line":82,"type":"if","locations":[{"start":{"line":82,"column":2},"end":{"line":82,"column":2}},{"start":{"line":82,"column":2},"end":{"line":82,"column":2}}]}}}}